<?xml version="1.0" encoding="UTF-8"?>
<testng-results ignored="2" total="4" passed="2" failed="0" skipped="0">
  <reporter-output>
  </reporter-output>
  <suite started-at="2022-09-09T20:43:51 GMT-04:00" name="AE Careers" finished-at="2022-09-09T20:44:06 GMT-04:00" duration-ms="15487">
    <groups>
    </groups>
    <test started-at="2022-09-09T20:43:51 GMT-04:00" name="LoginTest2" finished-at="2022-09-09T20:44:06 GMT-04:00" duration-ms="15467">
      <class name="com.qa.test.DemoTest1">
        <test-method signature="print1()[pri:0, instance:com.qa.test.DemoTest1@589b3632]" started-at="2022-09-09T20:43:51 GMT-04:00" name="print1" finished-at="2022-09-09T20:44:06 GMT-04:00" duration-ms="15429" status="PASS">
          <reporter-output>
          </reporter-output>
        </test-method> <!-- print1 -->
      </class> <!-- com.qa.test.DemoTest1 -->
    </test> <!-- LoginTest2 -->
    <test started-at="2022-09-09T20:44:06 GMT-04:00" name="LoginTest 2" finished-at="2022-09-09T20:44:06 GMT-04:00" duration-ms="1">
      <class name="com.qa.test.DemoTest1">
        <test-method signature="print2()[pri:0, instance:com.qa.test.DemoTest1@5e4c8041]" started-at="2022-09-09T20:44:06 GMT-04:00" name="print2" finished-at="2022-09-09T20:44:06 GMT-04:00" duration-ms="1" status="PASS">
          <reporter-output>
          </reporter-output>
        </test-method> <!-- print2 -->
      </class> <!-- com.qa.test.DemoTest1 -->
    </test> <!-- LoginTest 2 -->
  </suite> <!-- AE Careers -->
</testng-results>
